<?xml version="1.0" encoding="UTF-8"?>
<testng-results ignored="0" total="1" passed="1" failed="0" skipped="0">
  <reporter-output>
  </reporter-output>
  <suite started-at="2026-01-05T02:13:22 IST" name="Default suite" finished-at="2026-01-05T02:13:54 IST" duration-ms="32191">
    <groups>
    </groups>
    <test started-at="2026-01-05T02:13:22 IST" name="Default test" finished-at="2026-01-05T02:13:54 IST" duration-ms="32191">
      <class name="tests.AddToCartTest">
        <test-method is-config="true" signature="setup()[pri:0, instance:tests.AddToCartTest@8462f31]" started-at="2026-01-05T02:13:22 IST" name="setup" finished-at="2026-01-05T02:13:40 IST" duration-ms="18655" status="PASS">
          <reporter-output>
          </reporter-output>
        </test-method> <!-- setup -->
        <test-method signature="addToCartTest()[pri:0, instance:tests.AddToCartTest@8462f31]" started-at="2026-01-05T02:13:40 IST" name="addToCartTest" finished-at="2026-01-05T02:13:54 IST" duration-ms="13458" status="PASS">
          <reporter-output>
          </reporter-output>
        </test-method> <!-- addToCartTest -->
      </class> <!-- tests.AddToCartTest -->
    </test> <!-- Default test -->
  </suite> <!-- Default suite -->
</testng-results>
